<?xml version="1.0" encoding="UTF-8"?>
<!-- Generated by org.testng.reporters.JUnitReportReporter -->
<testsuite hostname="Million-Plano" failures="0" tests="8" name="com.companya.tcuv.FindaDealer" time="82.847" errors="0" timestamp="13 Jun 2019 15:08:31 GMT" skipped="0">
  <testcase classname="com.companya.tcuv.FindaDealer" name="zipModalTest" time="5.998"/>
  <testcase classname="com.companya.tcuv.FindaDealer" name="dealerPageLoadTest" time="10.397"/>
  <testcase classname="com.companya.tcuv.FindaDealer" name="zipChangeOnDealersListTest" time="8.073"/>
  <testcase classname="com.companya.tcuv.FindaDealer" name="dealersDetailTest" time="24.724"/>
  <testcase classname="com.companya.tcuv.FindaDealer" name="dealersListContactTest" time="8.564"/>
  <testcase classname="com.companya.tcuv.FindaDealer" name="dealersListChatTest" time="10.060"/>
  <testcase classname="com.companya.tcuv.FindaDealer" name="dealersMapLocatorTest" time="6.804"/>
  <testcase classname="com.companya.tcuv.FindaDealer" name="dealersListInventoryTest" time="8.227"/>
</testsuite> <!-- com.companya.tcuv.FindaDealer -->
