<?xml version="1.0" encoding="UTF-8"?>
<!-- Generated by org.testng.reporters.JUnitReportReporter -->
<testsuite hostname="Million-Plano" failures="0" tests="8" name="com.companya.tcuv.VehicleTile" time="75.925" errors="0" timestamp="13 Jun 2019 15:08:31 GMT" skipped="3">
  <testcase classname="com.companya.tcuv.VehicleTile" name="zipModalTest" time="5.774"/>
  <testcase classname="com.companya.tcuv.VehicleTile" name="inventoryPageLoadTest" time="10.364"/>
  <testcase classname="com.companya.tcuv.VehicleTile" name="inventoryDetailPageTest" time="10.637"/>
  <testcase classname="com.companya.tcuv.VehicleTile" name="inventoryVehicleTileCarFaxLogoTest" time="2.064"/>
  <testcase classname="com.companya.tcuv.VehicleTile" name="inventoryVehicleTileDropdownToggleTest" time="47.086"/>
  <testcase classname="com.companya.tcuv.VehicleTile" name="inventoryVehicleTileContactDealerTest">
    <skipped/>
  </testcase> <!-- inventoryVehicleTileContactDealerTest -->
  <testcase classname="com.companya.tcuv.VehicleTile" name="inventoryVehicleTileViewDealerInventoryTest">
    <skipped/>
  </testcase> <!-- inventoryVehicleTileViewDealerInventoryTest -->
  <testcase classname="com.companya.tcuv.VehicleTile" name="inventoryVehicleTileChatWithDealerTest">
    <skipped/>
  </testcase> <!-- inventoryVehicleTileChatWithDealerTest -->
</testsuite> <!-- com.companya.tcuv.VehicleTile -->
