<?xml version="1.0" encoding="UTF-8"?>
<!-- Generated by org.testng.reporters.JUnitReportReporter -->
<testsuite hostname="Million-Plano" failures="0" tests="18" name="com.companya.tcuv.HomePageTest" time="155.006" errors="0" timestamp="13 Jun 2019 15:08:31 GMT" skipped="1">
  <testcase classname="com.companya.tcuv.HomePageTest" name="homePageLoadTest" time="4.141"/>
  <testcase classname="com.companya.tcuv.HomePageTest" name="utilityNavbarTest" time="2.129"/>
  <testcase classname="com.companya.tcuv.HomePageTest" name="zipModalTest" time="5.714"/>
  <testcase classname="com.companya.tcuv.HomePageTest" name="toyotaUtilityTest" time="7.266"/>
  <testcase classname="com.companya.tcuv.HomePageTest" name="espanolUtilityTest" time="12.797"/>
  <testcase classname="com.companya.tcuv.HomePageTest" name="primaryNavbarTest" time="4.207"/>
  <testcase classname="com.companya.tcuv.HomePageTest" name="vehiclesNavbarTest" time="17.844"/>
  <testcase classname="com.companya.tcuv.HomePageTest" name="shoppingToolsNavbarTest" time="7.953"/>
  <testcase classname="com.companya.tcuv.HomePageTest" name="certifiedProgramNavbarTest" time="7.896"/>
  <testcase classname="com.companya.tcuv.HomePageTest" name="faqNavbarTest" time="9.345"/>
  <testcase classname="com.companya.tcuv.HomePageTest" name="searchInventoryNavbarTest" time="10.421"/>
  <testcase classname="com.companya.tcuv.HomePageTest" name="homeCarouselTest" time="10.675"/>
  <testcase classname="com.companya.tcuv.HomePageTest" name="searchVehicleCTAOnCarouselTest" time="9.899"/>
  <testcase classname="com.companya.tcuv.HomePageTest" name="homeCard1Test" time="7.635"/>
  <testcase classname="com.companya.tcuv.HomePageTest" name="disclaimerOnHomeCardTest" time="19.635"/>
  <testcase classname="com.companya.tcuv.HomePageTest" name="localSpecialsHomeCardTest" time="8.373"/>
  <testcase classname="com.companya.tcuv.HomePageTest" name="certifiedVideoHomeCardTest" time="9.076"/>
  <testcase classname="com.companya.tcuv.HomePageTest" name="findDealerNavbarTest">
    <skipped/>
  </testcase> <!-- findDealerNavbarTest -->
</testsuite> <!-- com.companya.tcuv.HomePageTest -->
