<?xml version="1.0" encoding="UTF-8"?>
<!-- Generated by org.testng.reporters.JUnitReportReporter -->
<testsuite hostname="Million-Plano" failures="0" tests="1" name="com.companya.tcuv.LocalSpecials" time="20.494" errors="0" timestamp="13 Jun 2019 15:08:31 GMT" skipped="0">
  <testcase classname="com.companya.tcuv.LocalSpecials" name="localSpecialsPageLoadTest" time="20.494"/>
</testsuite> <!-- com.companya.tcuv.LocalSpecials -->
