<?xml version="1.0" encoding="UTF-8"?>
<!-- Generated by org.testng.reporters.JUnitReportReporter -->
<testsuite hostname="Million-Plano" failures="0" tests="7" name="com.companya.tcuv.FooterTest" time="312.527" errors="0" timestamp="13 Jun 2019 15:08:31 GMT" skipped="0">
  <testcase classname="com.companya.tcuv.FooterTest" name="zipModalTest" time="5.743"/>
  <testcase classname="com.companya.tcuv.FooterTest" name="footerVehiclesTest" time="45.114"/>
  <testcase classname="com.companya.tcuv.FooterTest" name="footerResourcesTest" time="66.694"/>
  <testcase classname="com.companya.tcuv.FooterTest" name="footerCertifiedProgramTest" time="41.088"/>
  <testcase classname="com.companya.tcuv.FooterTest" name="footerAboutToyotaTest" time="76.289"/>
  <testcase classname="com.companya.tcuv.FooterTest" name="appFooter" time="50.521"/>
  <testcase classname="com.companya.tcuv.FooterTest" name="secondaryFooter" time="27.078"/>
</testsuite> <!-- com.companya.tcuv.FooterTest -->
